[2021-11-21T20:26:46.343] [INFO] cheese - Time 1637497606343
[2021-11-21T20:26:56.655] [INFO] cheese - 斜塘 松涛街地铁站
[2021-11-21T20:29:36.800] [INFO] cheese - Time 1,637,497,776,765
[2021-11-21T20:29:36.803] [INFO] cheese - 斜塘 松涛街地铁站
[2021-11-21T20:29:38.058] [INFO] cheese - Time 1,637,497,778,058
[2021-11-21T20:29:38.059] [INFO] cheese - 斜塘 松涛街地铁站
[2021-11-22T22:16:09.102] [INFO] cheese - mongodb连接成功.
[2021-11-22T22:24:36.898] [INFO] cheese - mongodb连接成功.
[2021-11-23T19:56:21.778] [INFO] cheese - mongodb连接成功.
[2021-11-23T20:46:05.884] [INFO] cheese - mongodb连接成功.
[2021-11-23T20:46:54.822] [INFO] cheese - mongodb连接成功.
[2021-11-23T21:26:10.692] [INFO] cheese - mongodb连接成功.
[2021-11-23T21:29:02.050] [INFO] cheese - mongodb连接成功.
[2021-11-24T21:36:07.588] [INFO] cheese - mongodb连接成功.
[2021-11-24T21:37:04.076] [INFO] cheese - 斜塘 松涛街地铁站
[2021-11-24T21:37:05.089] [INFO] cheese - 斜塘 松涛街地铁站
[2021-11-24T21:37:05.272] [INFO] cheese - 斜塘 松涛街地铁站
[2021-11-24T21:37:05.449] [INFO] cheese - 斜塘 松涛街地铁站
[2021-11-24T21:44:55.324] [INFO] cheese - 斜塘 松涛街地铁站
[2021-11-24T21:44:55.513] [INFO] cheese - 斜塘 松涛街地铁站
[2021-11-24T21:44:55.662] [INFO] cheese - 斜塘 松涛街地铁站
[2021-11-25T20:16:34.115] [INFO] cheese - 斜塘 [object Object]
[2021-11-25T20:44:15.835] [INFO] cheese - mongodb连接成功.
[2021-11-25T20:46:34.178] [INFO] cheese - 斜塘 [object Object]
[2021-11-25T20:46:35.219] [INFO] cheese - 斜塘 [object Object]
[2021-11-25T20:46:35.394] [INFO] cheese - 斜塘 [object Object]
[2021-11-25T20:46:45.250] [INFO] cheese - 斜塘 [object Object]
[2021-11-25T20:46:51.953] [INFO] cheese - 斜塘 [object Object]
[2021-11-25T20:46:56.643] [INFO] cheese - 斜塘 [object Object]
[2021-11-25T20:49:53.814] [INFO] cheese - 斜塘 松涛街地铁站
[2021-11-25T20:50:23.359] [INFO] cheese - mongodb连接成功.
[2021-11-25T20:51:01.585] [INFO] cheese - 斜塘 松涛街地铁站
[2021-11-26T21:21:28.656] [INFO] cheese - mongodb连接成功.
[2021-11-26T21:22:31.564] [INFO] cheese - add Cocoa 斜塘 松涛街地铁站 7:30
[2021-11-26T21:23:43.874] [INFO] cheese - mongodb连接成功.
[2021-11-26T21:35:07.139] [INFO] cheese - add Cocoa 斜塘 松涛街地铁站 7:30
[2021-11-28T10:22:11.632] [INFO] cheese - mongodb连接成功.
[2021-11-28T10:24:40.430] [INFO] cheese - mongodb连接成功.
[2021-11-28T10:26:35.785] [INFO] cheese - mongodb连接成功.
[2021-11-28T15:21:45.106] [INFO] cheese - mongodb连接成功.
[2021-11-28T15:32:42.351] [INFO] cheese - mongodb连接成功.
[2021-11-28T15:41:09.293] [INFO] cheese - mongodb连接成功.
[2021-11-28T15:48:23.053] [INFO] cheese - mongodb连接成功.
[2021-11-28T18:45:26.100] [INFO] cheese - add Cocoa 斜塘 海德公园 8:00
[2021-11-28T18:54:29.566] [INFO] cheese - add Cocoa 斜塘 松涛街地铁站 7:30
[2021-11-28T19:04:31.071] [INFO] cheese - mongodb连接成功.
[2021-11-28T19:05:03.709] [INFO] cheese - add Cocoa 斜塘 松涛街地铁站 7:30
[2021-11-28T19:05:06.283] [INFO] cheese - 更新Cocoa数据成功！
[2021-11-28T19:08:48.669] [INFO] cheese - mongodb连接成功.
[2021-11-28T19:09:10.057] [INFO] cheese - 更新Cocoa数据成功！
[2021-11-28T19:34:51.654] [INFO] cheese - 更新Cocoa数据成功！
[2021-11-29T20:29:17.486] [INFO] cheese - mongodb连接成功.
[2021-11-29T20:34:23.192] [INFO] cheese - mongodb连接成功.
[2021-12-02T21:23:16.372] [INFO] cheese - mongodb连接成功.
[2021-12-02T21:25:16.757] [INFO] cheese - 更新Cocoa数据成功！
[2021-12-02T21:43:18.932] [INFO] cheese - mongodb连接成功.
[2021-12-02T22:02:14.201] [INFO] cheese - mongodb连接成功.
[2021-12-02T22:23:20.212] [INFO] cheese - mongodb连接成功.
[2021-12-02T22:45:02.076] [INFO] cheese - mongodb连接成功.
[2021-12-03T20:10:05.811] [INFO] cheese - mongodb连接成功.
[2021-12-03T20:12:05.717] [INFO] cheese - mongodb连接成功.
[2021-12-03T20:13:21.494] [INFO] cheese - mongodb连接成功.
[2021-12-03T20:22:48.432] [INFO] cheese - mongodb连接成功.
[2021-12-03T20:23:52.035] [INFO] cheese - mongodb连接成功.
[2021-12-03T20:44:10.217] [INFO] cheese - 更新Cocoa数据成功！
[2021-12-03T21:05:53.075] [INFO] cheese - mongodb连接成功.
[2021-12-03T21:09:38.653] [INFO] cheese - 更新Cocoa数据成功！
[2021-12-03T21:13:50.168] [INFO] cheese - 更新Cocoa数据成功！
[2021-12-03T21:15:31.524] [INFO] cheese - mongodb连接成功.
[2021-12-03T21:20:17.839] [INFO] cheese - 更新Cocoa数据成功！
[2021-12-03T21:28:09.475] [INFO] cheese - 更新Cocoa数据成功！
[2021-12-03T21:28:30.405] [INFO] cheese - 更新Cocoa数据成功！
[2021-12-04T20:30:18.380] [INFO] cheese - mongodb连接成功.
[2021-12-04T21:08:33.523] [INFO] cheese - 更新Cocoa数据成功！
[2021-12-04T21:15:07.906] [INFO] cheese - mongodb连接成功.
[2021-12-04T22:22:33.493] [INFO] cheese - mongodb连接成功.
[2021-12-04T22:25:19.503] [INFO] cheese - mongodb连接成功.
[2021-12-04T22:29:50.212] [INFO] cheese - 更新Cocoa数据成功！
[2021-12-04T22:30:16.590] [INFO] cheese - 更新Cocoa数据成功！
[2021-12-04T22:31:58.266] [INFO] cheese - 更新Cocoa数据成功！
[2021-12-04T22:32:14.714] [INFO] cheese - 更新Cocoa数据成功！
[2021-12-04T22:33:52.456] [INFO] cheese - 更新Cocoa数据成功！
[2021-12-05T08:39:01.688] [INFO] cheese - 更新Cocoa数据成功！
[2021-12-05T08:39:21.328] [INFO] cheese - 更新Cocoa数据成功！
[2021-12-05T20:31:21.132] [INFO] cheese - 更新数据成功！
[2021-12-05T20:33:37.710] [INFO] cheese - 更新apple数据成功！
[2021-12-05T20:35:31.340] [INFO] cheese - 更新apple数据成功！
[2021-12-08T19:57:02.937] [INFO] cheese - mongodb连接成功.
[2021-12-08T20:13:40.862] [INFO] cheese - mongodb连接成功.
[2021-12-08T20:14:31.923] [INFO] cheese - mongodb连接成功.
[2021-12-08T20:29:11.225] [INFO] cheese - mongodb连接成功.
[2021-12-08T20:31:38.478] [INFO] cheese - mongodb连接成功.
[2021-12-08T20:32:57.763] [INFO] cheese - mongodb连接成功.
[2021-12-08T20:38:57.198] [INFO] cheese - mongodb连接成功.
[2021-12-08T20:53:35.523] [INFO] cheese - 更新Cocoa数据成功！
[2021-12-08T20:54:33.936] [INFO] cheese - 更新Cocoa数据成功！
[2021-12-11T11:35:45.124] [INFO] cheese - mongodb连接成功.
[2021-12-11T11:38:38.432] [INFO] cheese - mongodb连接成功.
[2021-12-11T11:39:35.322] [INFO] cheese - mongodb连接成功.
[2021-12-11T11:46:47.740] [INFO] cheese - mongodb连接成功.
[2021-12-11T11:48:24.480] [INFO] cheese - mongodb连接成功.
[2021-12-11T11:49:58.996] [INFO] cheese - mongodb连接成功.
[2021-12-11T11:59:01.468] [INFO] cheese - mongodb连接成功.
[2021-12-11T11:59:58.417] [INFO] cheese - mongodb连接成功.
[2021-12-12T10:15:00.539] [INFO] cheese - mongodb连接成功.
[2021-12-12T10:17:04.190] [INFO] cheese - mongodb连接成功.
[2021-12-12T10:17:05.881] [INFO] cheese - mongodb连接成功.
[2021-12-12T10:19:51.945] [INFO] cheese - mongodb连接成功.
[2021-12-12T10:24:39.923] [INFO] cheese - mongodb连接成功.
[2021-12-12T10:25:39.436] [INFO] cheese - mongodb连接成功.
[2021-12-12T10:26:45.461] [INFO] cheese - mongodb连接成功.
[2021-12-12T10:27:01.999] [INFO] cheese - mongodb连接成功.
[2021-12-12T10:28:14.365] [INFO] cheese - mongodb连接成功.
[2021-12-12T10:30:10.417] [INFO] cheese - mongodb连接成功.
[2021-12-12T10:32:28.297] [INFO] cheese - mongodb连接成功.
[2021-12-12T10:34:29.736] [INFO] cheese - mongodb连接成功.
[2021-12-12T10:57:56.575] [INFO] cheese - mongodb连接成功.
[2021-12-12T11:03:24.496] [INFO] cheese - mongodb连接成功.
[2021-12-12T11:05:18.506] [INFO] cheese - mongodb连接成功.
[2021-12-12T11:06:09.915] [INFO] cheese - mongodb连接成功.
[2021-12-12T11:24:19.698] [INFO] cheese - mongodb连接成功.
[2021-12-12T11:24:24.700] [INFO] cheese - mongodb连接成功.
[2021-12-12T11:30:57.348] [INFO] cheese - mongodb连接成功.
[2021-12-12T11:31:32.641] [INFO] cheese - mongodb连接成功.
[2021-12-12T11:35:45.876] [INFO] cheese - mongodb连接成功.
[2021-12-12T11:37:14.226] [INFO] cheese - mongodb连接成功.
[2021-12-12T11:38:58.641] [INFO] cheese - mongodb连接成功.
[2021-12-12T11:44:29.025] [INFO] cheese - mongodb连接成功.
[2021-12-12T15:38:53.668] [ERROR] cheese - MongooseServerSelectionError: connection timed out
    at NativeConnection.Connection.openUri (/Users/wangshanwu/WebstormProjects/regularbusservice/node_modules/mongoose/lib/connection.js:797:32)
    at /Users/wangshanwu/WebstormProjects/regularbusservice/node_modules/mongoose/lib/index.js:332:10
    at promiseOrCallback (/Users/wangshanwu/WebstormProjects/regularbusservice/node_modules/mongoose/lib/helpers/promiseOrCallback.js:10:12)
    at Mongoose._promiseOrCallback (/Users/wangshanwu/WebstormProjects/regularbusservice/node_modules/mongoose/lib/index.js:1153:10)
    at Mongoose.connect (/Users/wangshanwu/WebstormProjects/regularbusservice/node_modules/mongoose/lib/index.js:331:20)
    at Object.<anonymous> (/Users/wangshanwu/WebstormProjects/regularbusservice/src/db/mongodb.js:4:10)
    at Module._compile (node:internal/modules/cjs/loader:1101:14)
    at Object.Module._extensions..js (node:internal/modules/cjs/loader:1153:10)
    at Module.load (node:internal/modules/cjs/loader:981:32)
    at Function.Module._load (node:internal/modules/cjs/loader:822:12) {
  reason: TopologyDescription {
    type: 'Unknown',
    servers: Map(1) { '127.0.0.1:27017' => [ServerDescription] },
    stale: false,
    compatible: true,
    heartbeatFrequencyMS: 10000,
    localThresholdMS: 15,
    logicalSessionTimeoutMinutes: undefined
  }
}
[2021-12-12T15:38:53.669] [INFO] cheese - mongodb连接成功.
[2021-12-12T16:02:25.042] [ERROR] cheese - MongooseServerSelectionError: connection timed out
    at NativeConnection.Connection.openUri (/Users/wangshanwu/WebstormProjects/regularbusservice/node_modules/mongoose/lib/connection.js:797:32)
    at /Users/wangshanwu/WebstormProjects/regularbusservice/node_modules/mongoose/lib/index.js:332:10
    at promiseOrCallback (/Users/wangshanwu/WebstormProjects/regularbusservice/node_modules/mongoose/lib/helpers/promiseOrCallback.js:10:12)
    at Mongoose._promiseOrCallback (/Users/wangshanwu/WebstormProjects/regularbusservice/node_modules/mongoose/lib/index.js:1153:10)
    at Mongoose.connect (/Users/wangshanwu/WebstormProjects/regularbusservice/node_modules/mongoose/lib/index.js:331:20)
    at Object.<anonymous> (/Users/wangshanwu/WebstormProjects/regularbusservice/src/db/mongodb.js:4:10)
    at Module._compile (node:internal/modules/cjs/loader:1101:14)
    at Object.Module._extensions..js (node:internal/modules/cjs/loader:1153:10)
    at Module.load (node:internal/modules/cjs/loader:981:32)
    at Function.Module._load (node:internal/modules/cjs/loader:822:12) {
  reason: TopologyDescription {
    type: 'Unknown',
    servers: Map(1) { '127.0.0.1:27017' => [ServerDescription] },
    stale: false,
    compatible: true,
    heartbeatFrequencyMS: 10000,
    localThresholdMS: 15,
    logicalSessionTimeoutMinutes: undefined
  }
}
[2021-12-12T16:02:25.046] [INFO] cheese - mongodb连接成功.
[2021-12-13T20:36:32.156] [INFO] cheese - mongodb连接成功.
[2021-12-13T20:39:22.681] [INFO] cheese - mongodb连接成功.
[2021-12-13T20:51:29.875] [INFO] cheese - mongodb连接成功.
[2021-12-13T21:24:12.308] [INFO] cheese - mongodb连接成功.
[2021-12-13T21:38:01.458] [INFO] cheese - mongodb连接成功.
[2021-12-13T21:40:35.806] [INFO] cheese - mongodb连接成功.
[2021-12-13T21:54:44.199] [INFO] cheese - mongodb连接成功.
[2021-12-13T21:56:53.414] [INFO] cheese - 更新Cocoa数据成功！
